[45908:20708:0429/001904.310:WARNING:chrome_main_delegate.cc(747)] This is Chrome version 124.0.6367.92 (not a warning)
[45908:20708:0429/001904.370:INFO:chrome_browser_cloud_management_controller.cc(168)] Starting CBCM Controller Initialization
[45908:20708:0429/001904.370:INFO:chrome_browser_cloud_management_controller.cc(196)] No machine level policy manager exists.
[45908:20708:0429/001904.396:WARNING:browser_management_service.cc(128)] EnterpriseLogoUrl fetch failed with error code -1 and MIME type 
[25852:21876:0429/001904.503:INFO:cpu_info.cc(53)] Available number of cores: 16
[25852:21876:0429/001904.505:WARNING:runtime_features.cc(730)] AttributionReportingCrossAppWeb cannot be enabled in this configuration. Use --enable-features=ConversionMeasurement,AttributionReportingCrossAppWeb in addition.
[45484:39804:0429/001904.511:INFO:cpu_info.cc(53)] Available number of cores: 16
[45484:39804:0429/001904.514:WARNING:runtime_features.cc(730)] AttributionReportingCrossAppWeb cannot be enabled in this configuration. Use --enable-features=ConversionMeasurement,AttributionReportingCrossAppWeb in addition.
[26604:13852:0429/001904.751:INFO:cpu_info.cc(53)] Available number of cores: 16
[26604:13852:0429/001904.753:WARNING:runtime_features.cc(730)] AttributionReportingCrossAppWeb cannot be enabled in this configuration. Use --enable-features=ConversionMeasurement,AttributionReportingCrossAppWeb in addition.
[23508:33172:0429/001904.822:INFO:cpu_info.cc(53)] Available number of cores: 16
[23508:33172:0429/001904.824:WARNING:runtime_features.cc(730)] AttributionReportingCrossAppWeb cannot be enabled in this configuration. Use --enable-features=ConversionMeasurement,AttributionReportingCrossAppWeb in addition.
[45908:20708:0429/001907.519:INFO:CONSOLE(0)] "Third-party cookie will be blocked. Learn more in the Issues tab.", source: https://www.pinterest.com/ (0)
[45908:20708:0429/001907.519:INFO:CONSOLE(0)] "Third-party cookie will be blocked. Learn more in the Issues tab.", source: https://www.pinterest.com/ (0)
[6996:17140:0429/001908.422:WARNING:spdy_session.cc(2712)] Received RST for invalid stream55
[6996:17140:0429/001908.422:WARNING:spdy_session.cc(2712)] Received RST for invalid stream67
[6996:17140:0429/001908.422:WARNING:spdy_session.cc(2712)] Received RST for invalid stream61
[6996:17140:0429/001908.423:WARNING:spdy_session.cc(2712)] Received RST for invalid stream53
[6996:24448:0429/001908.436:WARNING:sqlite_persistent_store_backend_base.cc(198)] Failed to post task from FlushAndNotifyInBackground@net\extras\sqlite\sqlite_persistent_store_backend_base.cc:247 to client_task_runner_.
[6996:24448:0429/001908.436:WARNING:sqlite_persistent_store_backend_base.cc(198)] Failed to post task from FlushAndNotifyInBackground@net\extras\sqlite\sqlite_persistent_store_backend_base.cc:247 to client_task_runner_.
[45908:20708:0429/001908.531:WARNING:pref_notifier_impl.cc(41)] Pref observer for media_router.cast_allow_all_ips found at shutdown.
